<?xml version="1.0" encoding="UTF-8"?>
<!-- Generated by org.testng.reporters.JUnitXMLReporter -->
<testsuite ignored="0" hostname="DESKTOP-JAM393F" failures="0" tests="14" name="Test" time="7.079" errors="0" timestamp="2023-08-23T14:18:34 IST">
  <testcase classname="Day4.PassingJSONResponceData" name="passingRespUsingJsonObject" time="2.222"/>
  <testcase classname="Day5.FileUploadDownload" name="fileUpload" time="0.502"/>
  <testcase classname="Day3.PathQuryParameter" name="getCookiesInf" time="0.644"/>
  <testcase classname="Day6.SerilizationDeserialization" name="deserialization" time="0.22"/>
  <testcase classname="Day6.SerilizationDeserialization" name="serialization" time="0.02"/>
  <testcase classname="Day6.JsonSchemaValidation" name="validatingXmltoXsd" time="0.241"/>
  <testcase classname="Day3.HeaderDemo" name="usingLog" time="0.627"/>
  <testcase classname="Day5.ParsingXMLdata" name="ParsingXMLDataUsingResponse" time="0.796"/>
  <testcase classname="Day5.ParsingXMLdata" name="ParsingXmlData" time="0.192"/>
  <testcase classname="Day5.ParsingXMLdata" name="testXMLResponse" time="0.209"/>
  <testcase classname="Day1.HttpRequist" name="getUsers" time="0.083"/>
  <testcase classname="Day1.HttpRequist" name="createUser" time="0.55"/>
  <testcase classname="Day1.HttpRequist" name="updateUSer" time="0.337"/>
  <testcase classname="Day1.HttpRequist" name="deleteUSer" time="0.364"/>
</testsuite> <!-- Test -->
