<?xml version="1.0" encoding="UTF-8"?>
<!-- Generated by org.testng.reporters.JUnitXMLReporter -->
<testsuite ignored="0" hostname="DESKTOP-JAM393F" failures="0" tests="14" name="Test" time="7.603" errors="0" timestamp="2023-08-23T14:45:15 IST">
  <testcase classname="Day4.PassingJSONResponceData" name="passingRespUsingJsonObject" time="2.298"/>
  <testcase classname="Day5.FileUploadDownload" name="fileUpload" time="0.467"/>
  <testcase classname="Day3.PathQuryParameter" name="getCookiesInf" time="0.604"/>
  <testcase classname="Day6.SerilizationDeserialization" name="deserialization" time="0.269"/>
  <testcase classname="Day6.SerilizationDeserialization" name="serialization" time="0.021"/>
  <testcase classname="Day6.JsonSchemaValidation" name="validatingXmltoXsd" time="0.344"/>
  <testcase classname="Day3.HeaderDemo" name="usingLog" time="0.635"/>
  <testcase classname="Day5.ParsingXMLdata" name="ParsingXMLDataUsingResponse" time="0.926"/>
  <testcase classname="Day5.ParsingXMLdata" name="ParsingXmlData" time="0.423"/>
  <testcase classname="Day5.ParsingXMLdata" name="testXMLResponse" time="0.242"/>
  <testcase classname="Day1.HttpRequist" name="getUsers" time="0.09"/>
  <testcase classname="Day1.HttpRequist" name="createUser" time="0.534"/>
  <testcase classname="Day1.HttpRequist" name="updateUSer" time="0.335"/>
  <testcase classname="Day1.HttpRequist" name="deleteUSer" time="0.336"/>
</testsuite> <!-- Test -->
