<?xml version="1.0" encoding="UTF-8"?>
<testsuite xmlns:xsi="http://www.w3.org/2001/XMLSchema-instance" xsi:noNamespaceSchemaLocation="https://maven.apache.org/surefire/maven-surefire-plugin/xsd/surefire-test-report-3.0.xsd" version="3.0" name="TestSuite" time="8.311" tests="14" errors="0" skipped="0" failures="0">
  <properties>
[...]
</properties>
  <testcase name="passingRespUsingJsonObject" classname="Day4.PassingJSONResponceData" time="2.304">
    <system-out><![CDATA[Lawson
Ferguson
Funke
Fields
Edwards
Howell
57
]]></system-out>
    <system-err><![CDATA[SLF4J: Failed to load class "org.slf4j.impl.StaticLoggerBinder".
SLF4J: Defaulting to no-operation (NOP) logger implementation
SLF4J: See http://www.slf4j.org/codes.html#StaticLoggerBinder for further details.
]]></system-err>
  </testcase>
  <testcase name="fileUpload" classname="Day5.FileUploadDownload" time="0.464">
    <system-out><![CDATA[HTTP/1.1 403 Forbidden
Server: CloudFront
Date: Wed, 23 Aug 2023 09:15:11 GMT
Content-Type: text/html
Content-Length: 1053
Connection: keep-alive
X-Cache: Error from cloudfront
Via: 1.1 6cf45c264be57f5ba791594592c4a026.cloudfront.net (CloudFront)
X-Amz-Cf-Pop: BOM78-P3
X-Amz-Cf-Id: xzSnNVTeNc_UtrbogM_yX3dFgeriucFZnyJt3ukPdj7MyV27bO-05w==

<html>
  <head>
    <meta http-equiv="Content-Type" content="text/html; charset=iso-8859-1"/>
    <title>ERROR: The request could not be satisfied</title>
  </head>
  <body>
    <h1>403 ERROR</h1>
    <h2>The request could not be satisfied.</h2>
    <hr noshade="noshade" size="1px"/>

This distribution is not configured to allow the HTTP request method that was used for this request. The distribution supports only cachable requests.
We can't connect to the server for this app or website at this time. There might be too much traffic or a configuration error. Try again later, or contact the app or website owner.
    <br clear="all"/>

If you provide content to customers through CloudFront, you can find steps to troubleshoot and help prevent this error by reviewing the CloudFront documentation.
    <br clear="all"/>
    <hr noshade="noshade" size="1px"/>
    <pre>
Generated by cloudfront (CloudFront)
Request ID: xzSnNVTeNc_UtrbogM_yX3dFgeriucFZnyJt3ukPdj7MyV27bO-05w==
</pre>
    <address/>
  </body>
</html>
]]></system-out>
  </testcase>
  <testcase name="getCookiesInf" classname="Day3.PathQuryParameter" time="0.607">
    <system-out><![CDATA[1P_JAR  value is==>  2023-08-23-09
AEC  value is==>  Ad49MVESFjy6HtdyZakVmC1OYncSi2AQ3am4pBx5hWJ9UMgETxWMhR38RQ
NID  value is==>  511=rghjAJE-rjf9qisWgjVExfLaSutZGXvVpqVEUVNQhoVsbQB672NL5zsTogLBBdvnX0Og473s4fmqguA1erdS9DogSgC4paVVv3Pw9Q_qoy1jPdVWPOEkER5GXokThnJ9dDUsxXXHaxfrEftf-ASUk90tCJWNCoDrRk1siKiKncw
]]></system-out>
  </testcase>
  <testcase name="deserialization" classname="Day6.SerilizationDeserialization" time="0.267">
    <system-out><![CDATA[branch is ==>mechanical
id is ==>1
name is ==>praveen
]]></system-out>
  </testcase>
  <testcase name="serialization" classname="Day6.SerilizationDeserialization" time="0.022">
    <system-out><![CDATA[{
  "name" : "praveen",
  "id" : 1,
  "branch" : "mechanical"
}
]]></system-out>
  </testcase>
  <testcase name="validatingXmltoXsd" classname="Day6.JsonSchemaValidation" time="0.343"/>
  <testcase name="usingLog" classname="Day3.HeaderDemo" time="0.653">
    <system-out><![CDATA[Date: Wed, 23 Aug 2023 09:15:13 GMT
Expires: -1
Cache-Control: private, max-age=0
Content-Type: text/html; charset=ISO-8859-1
Content-Security-Policy-Report-Only: object-src 'none';base-uri 'self';script-src 'nonce-hPx0-fBtalV6usxiBYl7nA' 'strict-dynamic' 'report-sample' 'unsafe-eval' 'unsafe-inline' https: http:;report-uri https://csp.withgoogle.com/csp/gws/other-hp
P3P: CP="This is not a P3P policy! See g.co/p3phelp for more info."
Content-Encoding: gzip
Server: gws
X-XSS-Protection: 0
X-Frame-Options: SAMEORIGIN
Set-Cookie: 1P_JAR=2023-08-23-09; expires=Fri, 22-Sep-2023 09:15:13 GMT; path=/; domain=.google.com; Secure
Set-Cookie: AEC=Ad49MVFQ5W6PverqvZuwkq2AAYaTF_BrqS4nJPxnyFlqML6cNttphBuNsZ8; expires=Mon, 19-Feb-2024 09:15:13 GMT; path=/; domain=.google.com; Secure; HttpOnly; SameSite=lax
Set-Cookie: NID=511=YBJn5lD_FWqufWfGKX45XWkVepyfF9eD3084gve4itqmcl6CxdO-FgehZ9k2OctmHy48Yql3PUJ4wQTthTK8D_L43vFP8nlKn6fnpriSQuTQ4yg5T58OrX7bbQ20gOMadTj1WxlADzNhE14XdttNxNrXExgyZRz8azJ3bgleRfw; expires=Thu, 22-Feb-2024 09:15:13 GMT; path=/; domain=.google.com; HttpOnly
Alt-Svc: h3=":443"; ma=2592000,h3-29=":443"; ma=2592000
Transfer-Encoding: chunked
1P_JAR=2023-08-23-09;Path=/;Domain=.google.com;Secure;Expires=9/22/23, 9:15 AM
AEC=Ad49MVFQ5W6PverqvZuwkq2AAYaTF_BrqS4nJPxnyFlqML6cNttphBuNsZ8;Path=/;Domain=.google.com;Secure;HttpOnly;Expires=2/19/24, 9:15 AM;SameSite=lax
NID=511=YBJn5lD_FWqufWfGKX45XWkVepyfF9eD3084gve4itqmcl6CxdO-FgehZ9k2OctmHy48Yql3PUJ4wQTthTK8D_L43vFP8nlKn6fnpriSQuTQ4yg5T58OrX7bbQ20gOMadTj1WxlADzNhE14XdttNxNrXExgyZRz8azJ3bgleRfw;Path=/;Domain=.google.com;HttpOnly;Expires=2/22/24, 9:15 AM
<html lang="en-IN" itemscope="" itemtype="http://schema.org/WebPage">
  <head>
    <meta http-equiv="Content-Type" content="text/html; charset=UTF-8"/>
    <meta content="/images/branding/googleg/1x/googleg_standard_color_128dp.png" itemprop="image"/>
    <title>Google</title>
    <script nonce="hPx0-fBtalV6usxiBYl7nA">(function(){var _g={kEI:'Ic7lZJ3FMNnc1sQPx_CjsAM',kEXPI:'0,18167,1341242,6058,207,4804,2316,383,246,5,1129120,1197708,693,302561,77528,16115,19397,9287,22431,1361,12313,17586,4998,17075,38444,885,1987,2891,4139,7615,606,58286,2404,16105,230,1014,1,16916,2652,4,3832,29062,13065,11443,2215,4437,22583,6654,7596,1,42157,2,16734,23024,5679,1021,31122,4568,6252,23424,1252,25135,8,7921,2,2,1,6959,3997,12871,10960,7381,2,15968,872,19634,7,1922,9779,36285,6174,20199,927,19209,14,82,13333,6873,8377,3787,9341,5860,827,4548,3030,6110,11510,7734,5622,9481,3571,6420,269,2171,5253,6901,1292,298,7652,893,5000,1144,2,11713,7914,5769,3846,3127,3,9,4129,1271,2413,1179,775,5209364,2,225,17,135,61,8797741,3311,141,795,19735,1,1,346,7527,13,9,711,8,1,23942216,578,4043528,16673,39283,52,1343,867,1398394,346161,23413109,3856,261,4046,1049,2367,6920,150,480,1197,881,1918,962,1299,298,1085,2466,1704,1482,591,2894,497,726,2,743,2947,943,365,113,1946,1689,12,285,1426,977,724,79,1667,595,638,1089,71,382,1547,548,280,2,3,3221,486,1254,1090,284,1458,5,106,867,2,813,111,3108,812,79,363,191,202,35,202,4,878,2,2,361,10,5,16,3,145,1309,75,318,390,603,303,41,1494,2516,156,46,185,267,3269,5,22,5,440,2,203,3,1311,469,76,558,7,76,425,2,494,195,125,392,1136,99,31,248,880,68,707,415,277,297,134,470,35,500,4,18,31,186,2,213,140,10,1044,236,3,241,7,1,8,173,153,15,361,545,1431,12,5,137,274,311,192,293,544,913,3,351,886,269,436,5,133,724,215,292,24,2011',kBL:'Atu7',kOPI:89978449};(function(){var a;(null==(a=window.google)?0:a.stvsc)?google.kEI=_g.kEI:window.google=_g;}).call(this);})();(function(){google.sn='webhp';google.kHL='en-IN';})();(function(){
var h=this||self;function l(){return void 0!==window.google&amp;&amp;void 0!==window.google.kOPI&amp;&amp;0!==window.google.kOPI?window.google.kOPI:null};var m,n=[];function p(a){for(var b;a&amp;&amp;(!a.getAttribute||!(b=a.getAttribute("eid")));)a=a.parentNode;return b||m}function q(a){for(var b=null;a&amp;&amp;(!a.getAttribute||!(b=a.getAttribute("leid")));)a=a.parentNode;return b}function r(a){/^http:/i.test(a)&amp;&amp;"https:"===window.location.protocol&amp;&amp;(google.ml&amp;&amp;google.ml(Error("a"),!1,{src:a,glmm:1}),a="");return a}
function t(a,b,c,d,k){var e="";-1===b.search("&amp;ei=")&amp;&amp;(e="&amp;ei="+p(d),-1===b.search("&amp;lei=")&amp;&amp;(d=q(d))&amp;&amp;(e+="&amp;lei="+d));d="";var g=-1===b.search("&amp;cshid=")&amp;&amp;"slh"!==a,f=[];f.push(["zx",Date.now().toString()]);h._cshid&amp;&amp;g&amp;&amp;f.push(["cshid",h._cshid]);c=c();null!=c&amp;&amp;f.push(["opi",c.toString()]);for(c=0;c&lt;f.length;c++){if(0===c||0&lt;c)d+="&amp;";d+=f[c][0]+"="+f[c][1]}return"/"+(k||"gen_204")+"?atyp=i&amp;ct="+String(a)+"&amp;cad="+(b+e+d)};m=google.kEI;google.getEI=p;google.getLEI=q;google.ml=function(){return null};google.log=function(a,b,c,d,k,e){e=void 0===e?l:e;c||(c=t(a,b,e,d,k));if(c=r(c)){a=new Image;var g=n.length;n[g]=a;a.onerror=a.onload=a.onabort=function(){delete n[g]};a.src=c}};google.logUrl=function(a,b){b=void 0===b?l:b;return t("",a,b)};}).call(this);(function(){google.y={};google.sy=[];google.x=function(a,b){if(a)var c=a.id;else{do c=Math.random();while(google.y[c])}google.y[c]=[a,b];return!1};google.sx=function(a){google.sy.push(a)};google.lm=[];google.plm=function(a){google.lm.push.apply(google.lm,a)};google.lq=[];google.load=function(a,b,c){google.lq.push([[a],b,c])};google.loadAll=function(a,b){google.lq.push([a,b])};google.bx=!1;google.lx=function(){};}).call(this);google.f={};(function(){
document.documentElement.addEventListener("submit",function(b){var a;if(a=b.target){var c=a.getAttribute("data-submitfalse");a="1"===c||"q"===c&amp;&amp;!a.elements.q.value?!0:!1}else a=!1;a&amp;&amp;(b.preventDefault(),b.stopPropagation())},!0);document.documentElement.addEventListener("click",function(b){var a;a:{for(a=b.target;a&amp;&amp;a!==document.documentElement;a=a.parentElement)if("A"===a.tagName){a="1"===a.getAttribute("data-nohref");break a}a=!1}a&amp;&amp;b.preventDefault()},!0);}).call(this);</script>
    <style>#gbar,#guser{font-size:13px;padding-top:1px !important;}#gbar{height:22px}#guser{padding-bottom:7px !important;text-align:right}.gbh,.gbd{border-top:1px solid #c9d7f1;font-size:1px}.gbh{height:0;position:absolute;top:24px;width:100%}@media all{.gb1{height:22px;margin-right:.5em;vertical-align:top}#gbar{float:left}}a.gb1,a.gb4{text-decoration:underline !important}a.gb1,a.gb4{color:#00c !important}.gbi .gb4{color:#dd8e27 !important}.gbf .gb4{color:#900 !important}
</style>
    <style>body,td,a,p,.h{font-family:arial,sans-serif}body{margin:0;overflow-y:scroll}#gog{padding:3px 8px 0}td{line-height:.8em}.gac_m td{line-height:17px}form{margin-bottom:20px}.h{color:#1967d2}em{font-weight:bold;font-style:normal}.lst{height:25px;width:496px}.gsfi,.lst{font:18px arial,sans-serif}.gsfs{font:17px arial,sans-serif}.ds{display:inline-box;display:inline-block;margin:3px 0 4px;margin-left:4px}input{font-family:inherit}body{background:#fff;color:#000}a{color:#681da8;text-decoration:none}a:hover,a:active{text-decoration:underline}.fl a{color:#1967d2}a:visited{color:#681da8}.sblc{padding-top:5px}.sblc a{display:block;margin:2px 0;margin-left:13px;font-size:11px}.lsbb{background:#f8f9fa;border:solid 1px;border-color:#dadce0 #70757a #70757a #dadce0;height:30px}.lsbb{display:block}#WqQANb a{display:inline-block;margin:0 12px}.lsb{background:url(/images/nav_logo229.png) 0 -261px repeat-x;color:#000;border:none;cursor:pointer;height:30px;margin:0;outline:0;font:15px arial,sans-serif;vertical-align:top}.lsb:active{background:#dadce0}.lst:focus{outline:none}</style>
    <script nonce="hPx0-fBtalV6usxiBYl7nA">(function(){window.google.erd={jsr:1,bv:1853,de:true};
var l=this||self;var m,n=null!=(m=l.mei)?m:1,p,q=null!=(p=l.sdo)?p:!0,r=0,t,u=google.erd,v=u.jsr;google.ml=function(a,b,d,h,e){e=void 0===e?2:e;b&amp;&amp;(t=a&amp;&amp;a.message);if(google.dl)return google.dl(a,e,d),null;if(0&gt;v){window.console&amp;&amp;console.error(a,d);if(-2===v)throw a;b=!1}else b=!a||!a.message||"Error loading script"===a.message||r&gt;=n&amp;&amp;!h?!1:!0;if(!b)return null;r++;d=d||{};b=encodeURIComponent;var c="/gen_204?atyp=i&amp;ei="+b(google.kEI);google.kEXPI&amp;&amp;(c+="&amp;jexpid="+b(google.kEXPI));c+="&amp;srcpg="+b(google.sn)+"&amp;jsr="+b(u.jsr)+"&amp;bver="+b(u.bv);var f=a.lineNumber;void 0!==f&amp;&amp;(c+="&amp;line="+f);var g=
a.fileName;g&amp;&amp;(0&lt;g.indexOf("-extension:/")&amp;&amp;(e=3),c+="&amp;script="+b(g),f&amp;&amp;g===window.location.href&amp;&amp;(f=document.documentElement.outerHTML.split("\n")[f],c+="&amp;cad="+b(f?f.substring(0,300):"No script found.")));c+="&amp;cad=ple_"+google.ple+".aple_"+google.aple;google.ple&amp;&amp;1===google.ple&amp;&amp;(e=2);c+="&amp;jsel="+e;for(var k in d)c+="&amp;",c+=b(k),c+="=",c+=b(d[k]);c=c+"&amp;emsg="+b(a.name+": "+a.message);c=c+"&amp;jsst="+b(a.stack||"N/A");12288&lt;=c.length&amp;&amp;(c=c.substr(0,12288));a=c;h||google.log(0,"",a);return a};window.onerror=function(a,b,d,h,e){if(t!==a){a=e instanceof Error?e:Error(a);void 0===d||"lineNumber"in a||(a.lineNumber=d);void 0===b||"fileName"in a||(a.fileName=b);b=void 0;if(a.stack&amp;&amp;(-1!==a.stack.indexOf("?xjs=s0")||-1!==a.stack.indexOf("&amp;xjs=s0"))){b=document.querySelectorAll("script[src*=\\/xjs\\/_\\/js\\/]");for(h=d=0;h&lt;b.length;h++)d+=b[h].async?1:0;var c=e=h=-1,f=-1,g=-1;if(performance&amp;&amp;google.xjsu){h=0;e=google.timers.load.t.xjsee?1:0;f=c=0;g=performance.getEntriesByType("resource");for(var k=
0;k&lt;g.length;k++)-1!==g[k].name.indexOf(google.xjsu)&amp;&amp;(h=1),-1!==g[k].name.indexOf("/xjs/_/js/")&amp;&amp;(c+=1,f+="script"===g[k].initiatorType?1:0);g=c-f}b={cad:"pl_"+h+".pe_"+e+".asc_"+d+".tsc_"+b.length+".fasc_"+(b.length-d)+".lxc_"+c+".lsx_"+f+".lnsx_"+g}}google.ml(a,!1,b,!1,"SyntaxError"===a.name||"SyntaxError"===a.message.substring(0,11)||-1!==a.message.indexOf("Script error")?3:0)}t=null;q&amp;&amp;r&gt;=n&amp;&amp;(window.onerror=null)};})();</script>
  </head>
  <body bgcolor="#fff">
    <script nonce="hPx0-fBtalV6usxiBYl7nA">(function(){var src='/images/nav_logo229.png';var iesg=false;document.body.onload = function(){window.n &amp;&amp; window.n();if (document.images){new Image().src=src;}
if (!iesg){document.f&amp;&amp;document.f.q.focus();document.gbqf&amp;&amp;document.gbqf.q.focus();}
}
})();</script>
    <div id="mngb">
      <div id="gbar">
        <nobr>
          <b class="gb1">Search</b>
          <a shape="rect" class="gb1" href="https://www.google.com/imghp?hl=en&amp;tab=wi">Images</a>
          <a shape="rect" class="gb1" href="https://maps.google.co.in/maps?hl=en&amp;tab=wl">Maps</a>
          <a shape="rect" class="gb1" href="https://play.google.com/?hl=en&amp;tab=w8">Play</a>
          <a shape="rect" class="gb1" href="https://www.youtube.com/?tab=w1">YouTube</a>
          <a shape="rect" class="gb1" href="https://news.google.com/?tab=wn">News</a>
          <a shape="rect" class="gb1" href="https://mail.google.com/mail/?tab=wm">Gmail</a>
          <a shape="rect" class="gb1" href="https://drive.google.com/?tab=wo">Drive</a>
          <a shape="rect" class="gb1" style="text-decoration:none" href="https://www.google.co.in/intl/en/about/products?tab=wh">
            <u>More</u>
 »          </a>
        </nobr>
      </div>
      <div id="guser" width="100%">
        <nobr>
          <span class="gbi" id="gbn"/>
          <span class="gbf" id="gbf"/>
          <span id="gbe"/>
          <a shape="rect" class="gb4" href="http://www.google.co.in/history/optout?hl=en">Web History</a>
 |           <a shape="rect" class="gb4" href="/preferences?hl=en">Settings</a>
 |           <a shape="rect" class="gb4" id="gb_70" target="_top" href="https://accounts.google.com/ServiceLogin?hl=en&amp;passive=true&amp;continue=https://www.google.com/&amp;ec=GAZAAQ">Sign in</a>
        </nobr>
      </div>
      <div class="gbh" style="left:0"/>
      <div class="gbh" style="right:0"/>
    </div>
    <center>
      <br clear="all" id="lgpd"/>
      <div id="lga">
        <img id="hplogo" alt="Google" height="92" src="/images/branding/googlelogo/1x/googlelogo_white_background_color_272x92dp.png" style="padding:28px 0 14px" width="272"/>
        <br clear="none"/>
        <br clear="none"/>
      </div>
      <form enctype="application/x-www-form-urlencoded" method="get" action="/search" name="f">
        <table cellpadding="0" cellspacing="0">
          <tr valign="top">
            <td colspan="1" rowspan="1" width="25%"> </td>
            <td align="center" colspan="1" nowrap="" rowspan="1">
              <input type="hidden" name="ie" value="ISO-8859-1"/>
              <input type="hidden" value="en-IN" name="hl"/>
              <input type="hidden" name="source" value="hp"/>
              <input type="hidden" name="biw"/>
              <input type="hidden" name="bih"/>
              <div class="ds" style="height:32px;margin:4px 0">
                <input maxlength="2048" type="text" class="lst" style="margin:0;padding:5px 8px 0 6px;vertical-align:top;color:#000" autocomplete="off" value="" title="Google Search" name="q" size="57"/>
              </div>
              <br clear="none" style="line-height:0"/>
              <span class="ds">
                <span class="lsbb">
                  <input type="submit" class="lsb" value="Google Search" name="btnG"/>
                </span>
              </span>
              <span class="ds">
                <span class="lsbb">
                  <input type="submit" class="lsb" id="tsuid_1" value="I'm Feeling Lucky" name="btnI"/>
                  <script nonce="hPx0-fBtalV6usxiBYl7nA">(function(){var id='tsuid_1';document.getElementById(id).onclick = function(){if (this.form.q.value){this.checked = 1;if (this.form.iflsig)this.form.iflsig.disabled = false;}
else top.location='/doodles/';};})();</script>
                  <input type="hidden" value="AD69kcEAAAAAZOXcMRRjhyJIwtjEDhkL4aRHlSmqs9X_" name="iflsig"/>
                </span>
              </span>
            </td>
            <td align="left" colspan="1" nowrap="" rowspan="1" class="fl sblc" width="25%">
              <a shape="rect" href="/advanced_search?hl=en-IN&amp;authuser=0">Advanced search</a>
            </td>
          </tr>
        </table>
        <input type="hidden" id="gbv" name="gbv" value="1"/>
        <script nonce="hPx0-fBtalV6usxiBYl7nA">(function(){var a,b="1";if(document&amp;&amp;document.getElementById)if("undefined"!=typeof XMLHttpRequest)b="2";else if("undefined"!=typeof ActiveXObject){var c,d,e=["MSXML2.XMLHTTP.6.0","MSXML2.XMLHTTP.3.0","MSXML2.XMLHTTP","Microsoft.XMLHTTP"];for(c=0;d=e[c++];)try{new ActiveXObject(d),b="2"}catch(h){}}a=b;if("2"==a&amp;&amp;-1==location.search.indexOf("&amp;gbv=2")){var f=google.gbvu,g=document.getElementById("gbv");g&amp;&amp;(g.value=a);f&amp;&amp;window.setTimeout(function(){location.href=f},0)};}).call(this);</script>
      </form>
      <div id="gac_scont"/>
      <div style="font-size:83%;min-height:3.5em">
        <br clear="none"/>
        <div id="gws-output-pages-elements-homepage_additional_languages__als">
          <style>#gws-output-pages-elements-homepage_additional_languages__als{font-size:small;margin-bottom:24px}#SIvCob{color:#3c4043;display:inline-block;line-height:28px;}#SIvCob a{padding:0 3px;}.H6sW5{display:inline-block;margin:0 2px;white-space:nowrap}.z4hgWe{display:inline-block;margin:0 2px}</style>
          <div id="SIvCob">
Google offered in:              <a shape="rect" href="https://www.google.com/setprefs?sig=0_dEcxw6HJjiDiR5FmTnrZIk7Q4Nc%3D&amp;hl=hi&amp;source=homepage&amp;sa=X&amp;ved=0ahUKEwjd2czkuPKAAxVZrpUCHUf4CDYQ2ZgBCAU">हिन्दी</a>
            <a shape="rect" href="https://www.google.com/setprefs?sig=0_dEcxw6HJjiDiR5FmTnrZIk7Q4Nc%3D&amp;hl=bn&amp;source=homepage&amp;sa=X&amp;ved=0ahUKEwjd2czkuPKAAxVZrpUCHUf4CDYQ2ZgBCAY">বাংলা</a>
            <a shape="rect" href="https://www.google.com/setprefs?sig=0_dEcxw6HJjiDiR5FmTnrZIk7Q4Nc%3D&amp;hl=te&amp;source=homepage&amp;sa=X&amp;ved=0ahUKEwjd2czkuPKAAxVZrpUCHUf4CDYQ2ZgBCAc">తెలుగు</a>
            <a shape="rect" href="https://www.google.com/setprefs?sig=0_dEcxw6HJjiDiR5FmTnrZIk7Q4Nc%3D&amp;hl=mr&amp;source=homepage&amp;sa=X&amp;ved=0ahUKEwjd2czkuPKAAxVZrpUCHUf4CDYQ2ZgBCAg">मराठी</a>
            <a shape="rect" href="https://www.google.com/setprefs?sig=0_dEcxw6HJjiDiR5FmTnrZIk7Q4Nc%3D&amp;hl=ta&amp;source=homepage&amp;sa=X&amp;ved=0ahUKEwjd2czkuPKAAxVZrpUCHUf4CDYQ2ZgBCAk">தமிழ்</a>
            <a shape="rect" href="https://www.google.com/setprefs?sig=0_dEcxw6HJjiDiR5FmTnrZIk7Q4Nc%3D&amp;hl=gu&amp;source=homepage&amp;sa=X&amp;ved=0ahUKEwjd2czkuPKAAxVZrpUCHUf4CDYQ2ZgBCAo">ગુજરાતી</a>
            <a shape="rect" href="https://www.google.com/setprefs?sig=0_dEcxw6HJjiDiR5FmTnrZIk7Q4Nc%3D&amp;hl=kn&amp;source=homepage&amp;sa=X&amp;ved=0ahUKEwjd2czkuPKAAxVZrpUCHUf4CDYQ2ZgBCAs">ಕನ್ನಡ</a>
            <a shape="rect" href="https://www.google.com/setprefs?sig=0_dEcxw6HJjiDiR5FmTnrZIk7Q4Nc%3D&amp;hl=ml&amp;source=homepage&amp;sa=X&amp;ved=0ahUKEwjd2czkuPKAAxVZrpUCHUf4CDYQ2ZgBCAw">മലയാളം</a>
            <a shape="rect" href="https://www.google.com/setprefs?sig=0_dEcxw6HJjiDiR5FmTnrZIk7Q4Nc%3D&amp;hl=pa&amp;source=homepage&amp;sa=X&amp;ved=0ahUKEwjd2czkuPKAAxVZrpUCHUf4CDYQ2ZgBCA0">ਪੰਜਾਬੀ</a>
          </div>
        </div>
      </div>
      <span id="footer"/>
      <div style="font-size:10pt">
        <div id="WqQANb" style="margin:19px auto;text-align:center">
          <a shape="rect" href="/intl/en/ads/">Advertising</a>
          <a shape="rect" href="http://www.google.co.in/services/">Business Solutions</a>
          <a shape="rect" href="/intl/en/about.html">About Google</a>
          <a shape="rect" href="https://www.google.com/setprefdomain?prefdom=IN&amp;prev=https://www.google.co.in/&amp;sig=K_0eTTcWz2arvEFynkptt2BW0AXsY%3D">Google.co.in</a>
        </div>
      </div>
      <p style="font-size:8pt;color:#70757a">
© 2023 -         <a shape="rect" href="/intl/en/policies/privacy/">Privacy</a>
 -         <a shape="rect" href="/intl/en/policies/terms/">Terms</a>
      </p>
    </center>
    <script nonce="hPx0-fBtalV6usxiBYl7nA">(function(){window.google.cdo={height:757,width:1440};(function(){var a=window.innerWidth,b=window.innerHeight;if(!a||!b){var c=window.document,d="CSS1Compat"==c.compatMode?c.documentElement:c.body;a=d.clientWidth;b=d.clientHeight}
if(a&amp;&amp;b&amp;&amp;(a!=google.cdo.width||b!=google.cdo.height)){var e=google,f=e.log,g="/client_204?&amp;atyp=i&amp;biw="+a+"&amp;bih="+b+"&amp;ei="+google.kEI,h="",k=[],l=void 0!==window.google&amp;&amp;void 0!==window.google.kOPI&amp;&amp;0!==window.google.kOPI?window.google.kOPI:null;null!=l&amp;&amp;k.push(["opi",l.toString()]);for(var m=0;m&lt;k.length;m++){if(0===m||0&lt;m)h+="&amp;";h+=k[m][0]+"="+k[m][1]}f.call(e,"","",g+h)};}).call(this);})();</script>
    <script nonce="hPx0-fBtalV6usxiBYl7nA">(function(){google.xjs={ck:'xjs.hp.-Eat_RJq1CU.L.X.O',cs:'ACT90oGnKrcZdQ_180A9muASS6Zi0tNj_A',cssopt:false,csss:'ACT90oHjXvwv18c-kU7_ipZBqd6cAWu0gA',excm:[],sepcss:false};})();</script>
    <script nonce="hPx0-fBtalV6usxiBYl7nA">(function(){var u='/xjs/_/js/k\x3dxjs.hp.en.gpVQynxAvV0.O/am\x3dAAAAAAAAAAAgAAAAAAAoABAQAAAAAAAAQAAAOgIAwAIAXA/d\x3d1/ed\x3d1/rs\x3dACT90oEJ_YGGOdaavN_tAECTDN4Jqs6Shg/m\x3dsb_he,d,cEt90b,SNUn3,qddgKe,sTsDMc,dtl0hd,eHDfl';var amd=0;
var e=this||self,f=function(a){return a};var g;var h=function(a){this.g=a};h.prototype.toString=function(){return this.g+""};var k={};var l=function(){var a=document;var b="SCRIPT";"application/xhtml+xml"===a.contentType&amp;&amp;(b=b.toLowerCase());return a.createElement(b)};
function m(a,b){a.src=b instanceof h&amp;&amp;b.constructor===h?b.g:"type_error:TrustedResourceUrl";var c,d;(c=(b=null==(d=(c=(a.ownerDocument&amp;&amp;a.ownerDocument.defaultView||window).document).querySelector)?void 0:d.call(c,"script[nonce]"))?b.nonce||b.getAttribute("nonce")||"":"")&amp;&amp;a.setAttribute("nonce",c)};function n(a){a=null===a?"null":void 0===a?"undefined":a;if(void 0===g){var b=null;var c=e.trustedTypes;if(c&amp;&amp;c.createPolicy){try{b=c.createPolicy("goog#html",{createHTML:f,createScript:f,createScriptURL:f})}catch(d){e.console&amp;&amp;e.console.error(d.message)}g=b}else g=b}a=(b=g)?b.createScriptURL(a):a;return new h(a,k)};void 0===google.ps&amp;&amp;(google.ps=[]);function p(){var a=u,b=function(){};google.lx=google.stvsc?b:function(){q(a);google.lx=b};google.bx||google.lx()}function r(a,b){b&amp;&amp;m(a,n(b));var c=a.onload;a.onload=function(d){c&amp;&amp;c(d);google.ps=google.ps.filter(function(t){return a!==t});google.arm&amp;&amp;google.arm[a.src]&amp;&amp;google.arm[a.src]()};google.ps.push(a);document.body.appendChild(a)}google.as=r;function q(a){google.timers&amp;&amp;google.timers.load&amp;&amp;google.tick&amp;&amp;google.tick("load","xjsls");var b=l();b.onerror=function(){google.ple=1};b.onload=function(){google.ple=0};google.xjsus=void 0;r(b,a);google.aple=-1;google.psa=!0};google.xjsu=u;e._F_jsUrl=u;setTimeout(function(){0&lt;amd?google.caft(function(){return p()},amd):p()},0);})();window._ = window._ || {};window._DumpException = _._DumpException = function(e){throw e;};window._s = window._s || {};_s._DumpException = _._DumpException;window._qs = window._qs || {};_qs._DumpException = _._DumpException;(function(){window._F_toggles=[1,0,512,167772224,1052672,0,262144,36480,469762752,1];})();function _F_installCss(c){}
(function(){google.jl={blt:'none',chnk:0,dw:false,dwu:true,emtn:0,end:0,ico:false,ikb:0,ine:false,injs:'none',injt:0,injth:0,injv2:false,lls:'default',pdt:0,rep:0,snet:true,strt:0,ubm:false,uwp:true};})();(function(){var pmc='{\x22d\x22:{},\x22sb_he\x22:{\x22agen\x22:true,\x22cgen\x22:true,\x22client\x22:\x22heirloom-hp\x22,\x22dh\x22:true,\x22ds\x22:\x22\x22,\x22fl\x22:true,\x22host\x22:\x22google.com\x22,\x22jsonp\x22:true,\x22msgs\x22:{\x22cibl\x22:\x22Clear Search\x22,\x22dym\x22:\x22Did you mean:\x22,\x22lcky\x22:\x22I\\u0026#39;m Feeling Lucky\x22,\x22lml\x22:\x22Learn more\x22,\x22psrc\x22:\x22This search was removed from your \\u003Ca href\x3d\\\x22/history\\\x22\\u003EWeb History\\u003C/a\\u003E\x22,\x22psrl\x22:\x22Remove\x22,\x22sbit\x22:\x22Search by image\x22,\x22srch\x22:\x22Google Search\x22},\x22ovr\x22:{},\x22pq\x22:\x22\x22,\x22rfs\x22:[],\x22sbas\x22:\x220 3px 8px 0 rgba(0,0,0,0.2),0 0 0 1px rgba(0,0,0,0.08)\x22,\x22stok\x22:\x226Z0Y2hIoAGT9aqHRMCHZ5rNrl9U\x22}}';google.pmc=JSON.parse(pmc);})();(function(){
var b=function(a){var c=0;return function(){return c&lt;a.length?{done:!1,value:a[c++]}:{done:!0}}},e=this||self;var g,h;a:{for(var k=["CLOSURE_FLAGS"],l=e,n=0;n&lt;k.length;n++)if(l=l[k[n]],null==l){h=null;break a}h=l}var p=h&amp;&amp;h[610401301];g=null!=p?p:!1;var q,r=e.navigator;q=r?r.userAgentData||null:null;function t(a){return g?q?q.brands.some(function(c){return(c=c.brand)&amp;&amp;-1!=c.indexOf(a)}):!1:!1}function u(a){var c;a:{if(c=e.navigator)if(c=c.userAgent)break a;c=""}return-1!=c.indexOf(a)};function v(){return g?!!q&amp;&amp;0&lt;q.brands.length:!1}function w(){return u("Safari")&amp;&amp;!(x()||(v()?0:u("Coast"))||(v()?0:u("Opera"))||(v()?0:u("Edge"))||(v()?t("Microsoft Edge"):u("Edg/"))||(v()?t("Opera"):u("OPR"))||u("Firefox")||u("FxiOS")||u("Silk")||u("Android"))}function x(){return v()?t("Chromium"):(u("Chrome")||u("CriOS"))&amp;&amp;!(v()?0:u("Edge"))||u("Silk")}function y(){return u("Android")&amp;&amp;!(x()||u("Firefox")||u("FxiOS")||(v()?0:u("Opera"))||u("Silk"))};var z=v()?!1:u("Trident")||u("MSIE");y();x();w();var A=!z&amp;&amp;!w(),D=function(a){if(/-[a-z]/.test("ved"))return null;if(A&amp;&amp;a.dataset){if(y()&amp;&amp;!("ved"in a.dataset))return null;a=a.dataset.ved;return void 0===a?null:a}return a.getAttribute("data-"+"ved".replace(/([A-Z])/g,"-$1").toLowerCase())};var E=[],F=null;function G(a){a=a.target;var c=performance.now(),f=[],H=f.concat,d=E;if(!(d instanceof Array)){var m="undefined"!=typeof Symbol&amp;&amp;Symbol.iterator&amp;&amp;d[Symbol.iterator];if(m)d=m.call(d);else if("number"==typeof d.length)d={next:b(d)};else throw Error("a`"+String(d));for(var B=[];!(m=d.next()).done;)B.push(m.value);d=B}E=H.call(f,d,[c]);if(a&amp;&amp;a instanceof HTMLElement)if(a===F){if(c=4&lt;=E.length)c=5&gt;(E[E.length-1]-E[E.length-4])/1E3;if(c){c=google.getEI(a);a.hasAttribute("data-ved")?f=a?D(a)||"":"":f=(f=
a.closest("[data-ved]"))?D(f)||"":"";f=f||"";if(a.hasAttribute("jsname"))a=a.getAttribute("jsname");else{var C;a=null==(C=a.closest("[jsname]"))?void 0:C.getAttribute("jsname")}google.log("rcm","&amp;ei="+c+"&amp;ved="+f+"&amp;jsname="+(a||""))}}else F=a,E=[c]}window.document.addEventListener("DOMContentLoaded",function(){document.body.addEventListener("click",G)});}).call(this);</script>
  </body>
</html>
]]></system-out>
  </testcase>
  <testcase name="ParsingXMLDataUsingResponse" classname="Day5.ParsingXMLdata" time="0.91"/>
  <testcase name="ParsingXmlData" classname="Day5.ParsingXMLdata" time="0.423"/>
  <testcase name="testXMLResponse" classname="Day5.ParsingXMLdata" time="0.242"/>
  <testcase name="getUsers" classname="Day1.HttpRequist" time="0.092">
    <system-out><![CDATA[HTTP/1.1 200 OK
Date: Wed, 23 Aug 2023 09:15:15 GMT
Content-Type: application/json; charset=utf-8
Transfer-Encoding: chunked
Connection: keep-alive
X-Powered-By: Express
Access-Control-Allow-Origin: *
Etag: W/"406-ut0vzoCuidvyMf8arZpMpJ6ZRDw"
Via: 1.1 vegur
Cache-Control: max-age=14400
CF-Cache-Status: HIT
Age: 348
Report-To: {"endpoints":[{"url":"https:\/\/a.nel.cloudflare.com\/report\/v3?s=Xg9MkX0QD03ckSy%2Fyijytw3M5AIDDqF0F5F0YoC48V3LebdvFkIrhGvh9%2BBUzwC4WHNpYpkyzuODu5Rj2KbBM%2Fu83KrltY7HhWPdSm7Wfe0eiREDgMhl%2BRVcHg%3D%3D"}],"group":"cf-nel","max_age":604800}
NEL: {"success_fraction":0,"report_to":"cf-nel","max_age":604800}
Vary: Accept-Encoding
Server: cloudflare
CF-RAY: 7fb23fff2f0b3a26-BOM
Content-Encoding: gzip

{
    "page": 2,
    "per_page": 6,
    "total": 12,
    "total_pages": 2,
    "data": [
        {
            "id": 7,
            "email": "michael.lawson@reqres.in",
            "first_name": "Michael",
            "last_name": "Lawson",
            "avatar": "https://reqres.in/img/faces/7-image.jpg"
        },
        {
            "id": 8,
            "email": "lindsay.ferguson@reqres.in",
            "first_name": "Lindsay",
            "last_name": "Ferguson",
            "avatar": "https://reqres.in/img/faces/8-image.jpg"
        },
        {
            "id": 9,
            "email": "tobias.funke@reqres.in",
            "first_name": "Tobias",
            "last_name": "Funke",
            "avatar": "https://reqres.in/img/faces/9-image.jpg"
        },
        {
            "id": 10,
            "email": "byron.fields@reqres.in",
            "first_name": "Byron",
            "last_name": "Fields",
            "avatar": "https://reqres.in/img/faces/10-image.jpg"
        },
        {
            "id": 11,
            "email": "george.edwards@reqres.in",
            "first_name": "George",
            "last_name": "Edwards",
            "avatar": "https://reqres.in/img/faces/11-image.jpg"
        },
        {
            "id": 12,
            "email": "rachel.howell@reqres.in",
            "first_name": "Rachel",
            "last_name": "Howell",
            "avatar": "https://reqres.in/img/faces/12-image.jpg"
        }
    ],
    "support": {
        "url": "https://reqres.in/#support-heading",
        "text": "To keep ReqRes free, contributions towards server costs are appreciated!"
    }
}
]]></system-out>
  </testcase>
  <testcase name="createUser" classname="Day1.HttpRequist" time="0.534"/>
  <testcase name="updateUSer" classname="Day1.HttpRequist" time="0.343">
    <system-out><![CDATA[HTTP/1.1 201 Created
Date: Wed, 23 Aug 2023 09:15:16 GMT
Content-Type: application/json; charset=utf-8
Content-Length: 85
Connection: keep-alive
X-Powered-By: Express
Access-Control-Allow-Origin: *
Etag: W/"55-ltjDhG4nk8SeVi2yU4ZJi0dNZzE"
Via: 1.1 vegur
CF-Cache-Status: DYNAMIC
Report-To: {"endpoints":[{"url":"https:\/\/a.nel.cloudflare.com\/report\/v3?s=36c%2B49gwEH8IlIyoralrowLSf8qaDIzHIRa4M%2B5Brv2TT1LBVf3TqTRhbeqci9HX225XL0ZvEspIBIZFOsDflsYyT1OS%2FFz2tIRNGKb0m%2BcIEcNSZXSP02fjSQ%3D%3D"}],"group":"cf-nel","max_age":604800}
NEL: {"success_fraction":0,"report_to":"cf-nel","max_age":604800}
Server: cloudflare
CF-RAY: 7fb240031ea74442-BOM

{
    "name": "naveen",
    "job": "developer",
    "id": "722",
    "createdAt": "2023-08-23T09:15:16.542Z"
}
]]></system-out>
  </testcase>
  <testcase name="deleteUSer" classname="Day1.HttpRequist" time="0.33"/>
</testsuite>