<?xml version="1.0" encoding="UTF-8"?>
<!-- Generated by org.testng.reporters.JUnitReportReporter -->
<testsuite hostname="DESKTOP-JAM393F" failures="0" tests="2" name="Day6.SerilizationDeserialization" time="0.240" errors="0" timestamp="2023-08-23T14:18:34 IST" skipped="0">
  <testcase classname="Day6.SerilizationDeserialization" name="serialization" time="0.020"/>
  <system-out/>
  <testcase classname="Day6.SerilizationDeserialization" name="deserialization" time="0.220"/>
  <system-out/>
</testsuite> <!-- Day6.SerilizationDeserialization -->
